<?xml version="1.0" encoding="UTF-8"?>
<!-- Generated by org.testng.reporters.JUnitXMLReporter -->
<testsuite ignored="0" hostname="DESKTOP-QNND2II" failures="0" tests="4" name="Test" time="19.471" errors="0" timestamp="2026-01-11T18:33:33 IST">
  <testcase classname="org.automation.testNG.batchExecution.HarleyDavidson" name="launchingHDX" time="5.087"/>
  <testcase classname="org.automation.testNG.batchExecution.Jawa" name="launchingJawa350" time="3.163"/>
  <testcase classname="org.automation.testNG.batchExecution.Jawa" name="launchingJawa42" time="2.188"/>
  <testcase classname="org.automation.testNG.batchExecution.Suzuki" name="launchinghayabusa" time="8.99"/>
</testsuite> <!-- Test -->
