<?xml version="1.0" encoding="UTF-8"?>
<!-- Generated by org.testng.reporters.JUnitXMLReporter -->
<testsuite ignored="0" hostname="DESKTOP-QNND2II" failures="0" tests="4" name="Test2" time="44.648" errors="0" timestamp="2026-01-08T11:55:26 IST">
  <testcase classname="org.automation.testNG.distributeParallelExecution.Shami" name="launchShami" time="6.305"/>
  <testcase classname="org.automation.testNG.distributeParallelExecution.Ishan" name="launchIshan" time="3.774"/>
  <testcase classname="org.automation.testNG.distributeParallelExecution.Sachin" name="launchSachin" time="32.128"/>
  <testcase classname="org.automation.testNG.distributeParallelExecution.Dhoni" name="launchDhoni" time="2.392"/>
</testsuite> <!-- Test2 -->
