<?xml version="1.0" encoding="UTF-8"?>
<!-- Generated by org.testng.reporters.JUnitXMLReporter -->
<testsuite ignored="0" hostname="DESKTOP-QNND2II" failures="0" tests="5" name="Test1" time="40.621" errors="0" timestamp="2026-01-08T11:55:22 IST">
  <testcase classname="org.automation.testNG.distributeParallelExecution.Jadeja" name="launchJadeja" time="6.949"/>
  <testcase classname="org.automation.testNG.distributeParallelExecution.Rahul" name="launchRahul" time="3.61"/>
  <testcase classname="org.automation.testNG.distributeParallelExecution.Rohit" name="launchRohit" time="7.699"/>
  <testcase classname="org.automation.testNG.distributeParallelExecution.Virat" name="launchVirat" time="20.9"/>
  <testcase classname="org.automation.testNG.distributeParallelExecution.SuryaK" name="launchSuryaK" time="1.397"/>
</testsuite> <!-- Test1 -->
