<?xml version="1.0" encoding="UTF-8"?>
<testng-results ignored="0" total="1" passed="1" failed="0" skipped="0">
  <reporter-output>
  </reporter-output>
  <suite started-at="2026-01-29T12:07:23 IST" name="Default suite" finished-at="2026-01-29T12:07:47 IST" duration-ms="23688">
    <groups>
    </groups>
    <test started-at="2026-01-29T12:07:23 IST" name="Default test" finished-at="2026-01-29T12:07:47 IST" duration-ms="23688">
      <class name="org.automation.modularFramework.TC_BuyProduct_003_TC">
        <test-method is-config="true" signature="browserSetup()[pri:0, instance:org.automation.modularFramework.TC_BuyProduct_003_TC@4009e306]" started-at="2026-01-29T12:07:23 IST" name="browserSetup" finished-at="2026-01-29T12:07:31 IST" duration-ms="7917" status="PASS">
          <reporter-output>
          </reporter-output>
        </test-method> <!-- browserSetup -->
        <test-method is-config="true" signature="logIn()[pri:0, instance:org.automation.modularFramework.TC_BuyProduct_003_TC@4009e306]" started-at="2026-01-29T12:07:31 IST" name="logIn" finished-at="2026-01-29T12:07:33 IST" duration-ms="2200" status="PASS">
          <reporter-output>
          </reporter-output>
        </test-method> <!-- logIn -->
        <test-method signature="buyProduct()[pri:0, instance:org.automation.modularFramework.TC_BuyProduct_003_TC@4009e306]" started-at="2026-01-29T12:07:33 IST" name="buyProduct" finished-at="2026-01-29T12:07:45 IST" duration-ms="12053" status="PASS">
          <reporter-output>
          </reporter-output>
        </test-method> <!-- buyProduct -->
        <test-method is-config="true" signature="logOut()[pri:0, instance:org.automation.modularFramework.TC_BuyProduct_003_TC@4009e306]" started-at="2026-01-29T12:07:45 IST" name="logOut" finished-at="2026-01-29T12:07:46 IST" duration-ms="1042" status="PASS">
          <reporter-output>
          </reporter-output>
        </test-method> <!-- logOut -->
        <test-method is-config="true" signature="browserTearDown()[pri:0, instance:org.automation.modularFramework.TC_BuyProduct_003_TC@4009e306]" started-at="2026-01-29T12:07:46 IST" name="browserTearDown" finished-at="2026-01-29T12:07:47 IST" duration-ms="377" status="PASS">
          <reporter-output>
          </reporter-output>
        </test-method> <!-- browserTearDown -->
      </class> <!-- org.automation.modularFramework.TC_BuyProduct_003_TC -->
    </test> <!-- Default test -->
  </suite> <!-- Default suite -->
</testng-results>
