<?xml version="1.0" encoding="UTF-8"?>
<!-- Generated by org.testng.reporters.JUnitReportReporter -->
<testsuite hostname="DESKTOP-QNND2II" failures="0" tests="1" name="org.automation.testNG.batchExecution.Suzuki" time="8.990" errors="0" timestamp="2026-01-11T18:33:33 IST" skipped="0">
  <testcase classname="org.automation.testNG.batchExecution.Suzuki" name="launchinghayabusa" time="8.990">
    <system-out>
      <![CDATA[Launched Hayabusa]]>
    </system-out>
  </testcase> <!-- launchinghayabusa -->
  <system-out>
    <![CDATA[Launched HDX
Launched Jawa350
Launched Jawa42
Launched Hayabusa]]>
  </system-out>
</testsuite> <!-- org.automation.testNG.batchExecution.Suzuki -->
