<?xml version="1.0" encoding="UTF-8"?>
<!-- Generated by org.testng.reporters.JUnitReportReporter -->
<testsuite hostname="DESKTOP-QNND2II" failures="0" tests="1" name="org.automation.testNG.crossBrowserTesting.Parametarization" time="6.633" errors="0" timestamp="2026-01-09T12:16:39 IST" skipped="0">
  <testcase classname="org.automation.testNG.crossBrowserTesting.Parametarization" name="launchAndNavigate" time="6.633"/>
</testsuite> <!-- org.automation.testNG.crossBrowserTesting.Parametarization -->
