<?xml version="1.0" encoding="UTF-8"?>
<!-- Generated by org.testng.reporters.JUnitReportReporter -->
<testsuite hostname="DESKTOP-QNND2II" failures="0" tests="1" name="org.automation.testNG.batchExecution.HarleyDavidson" time="10.709" errors="0" timestamp="2026-01-12T08:50:37 IST" skipped="0">
  <testcase classname="org.automation.testNG.batchExecution.HarleyDavidson" name="launchingHDX" time="10.709">
    <system-out>
      <![CDATA[Launched HDX]]>
    </system-out>
  </testcase> <!-- launchingHDX -->
  <system-out>
    <![CDATA[Launched HDX]]>
  </system-out>
</testsuite> <!-- org.automation.testNG.batchExecution.HarleyDavidson -->
