<?xml version="1.0" encoding="UTF-8"?>
<!-- Generated by org.testng.reporters.JUnitReportReporter -->
<testsuite hostname="DESKTOP-QNND2II" failures="0" tests="3" name="org.automation.testNG.dataProvider.MyDataProvider" time="17.511" errors="0" timestamp="2026-01-16T11:33:10 IST" skipped="0">
  <testcase classname="org.automation.testNG.dataProvider.MyDataProvider" name="login" time="5.984"/>
  <testcase classname="org.automation.testNG.dataProvider.MyDataProvider" name="login" time="5.985"/>
  <testcase classname="org.automation.testNG.dataProvider.MyDataProvider" name="login" time="5.542"/>
</testsuite> <!-- org.automation.testNG.dataProvider.MyDataProvider -->
