<?xml version="1.0" encoding="UTF-8"?>
<!-- Generated by org.testng.reporters.JUnitReportReporter -->
<testsuite hostname="DESKTOP-QNND2II" failures="0" tests="3" name="org.automation.testNG.UnderstandingPriority" time="18.740" errors="0" timestamp="2026-01-06T12:08:53 IST" skipped="1">
  <testcase classname="org.automation.testNG.UnderstandingPriority" name="LaunchingPurple" time="3.458"/>
  <testcase classname="org.automation.testNG.UnderstandingPriority" name="LaunchingKalki" time="15.282"/>
  <testcase classname="org.automation.testNG.UnderstandingPriority" name="LaunchingSS">
    <skipped/>
  </testcase> <!-- LaunchingSS -->
</testsuite> <!-- org.automation.testNG.UnderstandingPriority -->
