<?xml version="1.0" encoding="UTF-8"?>
<!-- Generated by org.testng.reporters.JUnitReportReporter -->
<testsuite hostname="DESKTOP-QNND2II" failures="0" tests="1" name="org.automation.testNG.distributeParallelExecution.Sachin" time="32.128" errors="0" timestamp="2026-01-08T11:55:26 IST" skipped="0">
  <testcase classname="org.automation.testNG.distributeParallelExecution.Sachin" name="launchSachin" time="32.128"/>
</testsuite> <!-- org.automation.testNG.distributeParallelExecution.Sachin -->
