<?xml version="1.0" encoding="UTF-8"?>
<!-- Generated by org.testng.reporters.JUnitReportReporter -->
<testsuite hostname="DESKTOP-QNND2II" failures="0" tests="3" name="org.automation.testNG.UsingDependsOnMethod" time="33.132" errors="0" timestamp="2026-01-07T11:24:31 IST" skipped="0">
  <testcase classname="org.automation.testNG.UsingDependsOnMethod" name="LaunchingKalki" time="3.741"/>
  <testcase classname="org.automation.testNG.UsingDependsOnMethod" name="LaunchingPurple" time="19.403"/>
  <testcase classname="org.automation.testNG.UsingDependsOnMethod" name="LaunchingSS" time="9.988"/>
</testsuite> <!-- org.automation.testNG.UsingDependsOnMethod -->
