<?xml version="1.0" encoding="UTF-8"?>
<!-- Generated by org.testng.reporters.JUnitReportReporter -->
<testsuite hostname="DESKTOP-QNND2II" failures="0" tests="2" name="org.automation.testNG.groupExecution.Ranveer" time="6.522" errors="0" timestamp="2026-01-09T11:24:15 IST" skipped="0">
  <testcase classname="org.automation.testNG.groupExecution.Ranveer" name="launchDeepika" time="4.198"/>
  <testcase classname="org.automation.testNG.groupExecution.Ranveer" name="launchShahid" time="2.324"/>
</testsuite> <!-- org.automation.testNG.groupExecution.Ranveer -->
