<?xml version="1.0" encoding="UTF-8"?>
<!-- Generated by org.testng.reporters.JUnitReportReporter -->
<testsuite hostname="DESKTOP-QNND2II" failures="0" tests="1" name="org.automation.modularFramework.TC_RemoveProdFromCart_002_TC" time="25.619" errors="0" timestamp="2026-01-22T23:01:02 IST" skipped="0">
  <testcase classname="org.automation.modularFramework.TC_RemoveProdFromCart_002_TC" name="removeProductFromCart" time="25.619">
    <system-out>
      <![CDATA[Product is remove from car! 
The Test case is executed Successfully!]]>
    </system-out>
  </testcase> <!-- removeProductFromCart -->
  <system-out>
    <![CDATA[Product is remove from car! 
The Test case is executed Successfully!]]>
  </system-out>
</testsuite> <!-- org.automation.modularFramework.TC_RemoveProdFromCart_002_TC -->
