<?xml version="1.0" encoding="UTF-8"?>
<!-- Generated by org.testng.reporters.JUnitReportReporter -->
<testsuite hostname="DESKTOP-QNND2II" failures="0" tests="2" name="org.automation.testNG.batchExecution.Jawa" time="5.351" errors="0" timestamp="2026-01-11T18:33:33 IST" skipped="0">
  <testcase classname="org.automation.testNG.batchExecution.Jawa" name="launchingJawa42" time="2.188">
    <system-out>
      <![CDATA[Launched Jawa42]]>
    </system-out>
  </testcase> <!-- launchingJawa42 -->
  <testcase classname="org.automation.testNG.batchExecution.Jawa" name="launchingJawa350" time="3.163">
    <system-out>
      <![CDATA[Launched Jawa350]]>
    </system-out>
  </testcase> <!-- launchingJawa350 -->
  <system-out>
    <![CDATA[Launched HDX
Launched Jawa350
Launched Jawa42
Launched Hayabusa]]>
  </system-out>
</testsuite> <!-- org.automation.testNG.batchExecution.Jawa -->
