<?xml version="1.0" encoding="UTF-8"?>
<testng-results ignored="0" total="1" passed="1" failed="0" skipped="0">
  <reporter-output>
    <line>
      <![CDATA[[TestcasesDefault testhas started]]]>
    </line>
    <line>
      <![CDATA[[Testcases addToCartMethod has started]]]>
    </line>
    <line>
      <![CDATA[[Testcases addToCartMethod has successefully executed]]]>
    </line>
  </reporter-output>
  <suite started-at="2026-02-03T12:17:10 IST" name="Default suite" finished-at="2026-02-03T12:17:25 IST" duration-ms="14533">
    <groups>
    </groups>
    <test started-at="2026-02-03T12:17:10 IST" name="Default test" finished-at="2026-02-03T12:17:25 IST" duration-ms="14533">
      <class name="org.testPackage.TC_AddToCart_001_TC">
        <test-method is-config="true" signature="browserSetup()[pri:0, instance:org.testPackage.TC_AddToCart_001_TC@62ddbd7e]" started-at="2026-02-03T12:17:10 IST" name="browserSetup" finished-at="2026-02-03T12:17:17 IST" duration-ms="6960" status="PASS">
          <reporter-output>
          </reporter-output>
        </test-method> <!-- browserSetup -->
        <test-method is-config="true" signature="logIn()[pri:0, instance:org.testPackage.TC_AddToCart_001_TC@62ddbd7e]" started-at="2026-02-03T12:17:17 IST" name="logIn" finished-at="2026-02-03T12:17:20 IST" duration-ms="2610" status="PASS">
          <reporter-output>
          </reporter-output>
        </test-method> <!-- logIn -->
        <test-method signature="addToCartMethod()[pri:0, instance:org.testPackage.TC_AddToCart_001_TC@62ddbd7e]" started-at="2026-02-03T12:17:20 IST" name="addToCartMethod" finished-at="2026-02-03T12:17:23 IST" duration-ms="3422" status="PASS">
          <reporter-output>
            <line>
              <![CDATA[[Testcases addToCartMethod has started]]]>
            </line>
            <line>
              <![CDATA[[Testcases addToCartMethod has successefully executed]]]>
            </line>
          </reporter-output>
        </test-method> <!-- addToCartMethod -->
        <test-method is-config="true" signature="logOut()[pri:0, instance:org.testPackage.TC_AddToCart_001_TC@62ddbd7e]" started-at="2026-02-03T12:17:23 IST" name="logOut" finished-at="2026-02-03T12:17:24 IST" duration-ms="1147" status="PASS">
          <reporter-output>
          </reporter-output>
        </test-method> <!-- logOut -->
        <test-method is-config="true" signature="browserTearDown()[pri:0, instance:org.testPackage.TC_AddToCart_001_TC@62ddbd7e]" started-at="2026-02-03T12:17:24 IST" name="browserTearDown" finished-at="2026-02-03T12:17:25 IST" duration-ms="308" status="PASS">
          <reporter-output>
          </reporter-output>
        </test-method> <!-- browserTearDown -->
      </class> <!-- org.testPackage.TC_AddToCart_001_TC -->
    </test> <!-- Default test -->
  </suite> <!-- Default suite -->
</testng-results>
