<?xml version="1.0" encoding="UTF-8"?>
<!-- Generated by org.testng.reporters.JUnitReportReporter -->
<testsuite hostname="Pradyumn" failures="0" tests="1" name="org.testPackage.TC_RemoveProdFromCart_002_TC" time="27.328" errors="0" timestamp="2026-02-03T12:17:00 IST" skipped="0">
  <testcase classname="org.testPackage.TC_RemoveProdFromCart_002_TC" name="removeProductFromCart" time="27.328">
    <system-out>
      <![CDATA[[Testcases removeProductFromCart has started]
Product is remove from car! 
The Test case is executed Successfully!
[Testcases removeProductFromCart has successefully executed]]]>
    </system-out>
  </testcase> <!-- removeProductFromCart -->
  <system-out>
    <![CDATA[[TestcasesDefault testhas started]
[Testcases removeProductFromCart has started]
Product is remove from car! 
The Test case is executed Successfully!
[Testcases removeProductFromCart has successefully executed]]]>
  </system-out>
</testsuite> <!-- org.testPackage.TC_RemoveProdFromCart_002_TC -->
