<?xml version="1.0" encoding="UTF-8"?>
<!-- Generated by org.testng.reporters.JUnitReportReporter -->
<testsuite hostname="Pradyumn" failures="0" tests="1" name="org.testPackage.TC_AddToCart_001_TC" time="7.179" errors="0" timestamp="2026-02-03T12:17:25 IST" skipped="0">
  <testcase classname="org.testPackage.TC_AddToCart_001_TC" name="addToCartMethod" time="7.179">
    <system-out>
      <![CDATA[[Testcases addToCartMethod has started]
[Testcases addToCartMethod has successefully executed]]]>
    </system-out>
  </testcase> <!-- addToCartMethod -->
  <system-out>
    <![CDATA[[TestcasesDefault testhas started]
[Testcases addToCartMethod has started]
[Testcases addToCartMethod has successefully executed]]]>
  </system-out>
</testsuite> <!-- org.testPackage.TC_AddToCart_001_TC -->
